<?xml version="1.0" encoding="UTF-8"?>
<!-- Generated by org.testng.reporters.JUnitXMLReporter -->
<testsuite ignored="2" hostname="Lenovo-dhanush2" failures="1" tests="4" name="OraneHRM" time="60.864" errors="0" timestamp="2024-09-19T21:40:05 IST">
  <testcase classname="com.ui.tests.Login" name="login" time="24.777"/>
  <testcase classname="com.ui.tests.Admin" name="addUser" time="32.849"/>
  <testcase classname="com.ui.tests.Login" name="login2" time="20.694">
    <failure type="java.lang.AssertionError" message="expected [true] but found [false]">
      <![CDATA[java.lang.AssertionError: expected [true] but found [false]
at com.ui.tests.Login.login2(Login.java:46)
at java.base/java.util.concurrent.ThreadPoolExecutor.runWorker(ThreadPoolExecutor.java:1144)
at java.base/java.util.concurrent.ThreadPoolExecutor$Worker.run(ThreadPoolExecutor.java:642)
at java.base/java.lang.Thread.run(Thread.java:1583)
... Removed 14 stack frames]]>
    </failure>
  </testcase> <!-- login2 -->
  <testcase classname="com.ui.tests.Admin" name="removeUser" time="23.726"/>
  <testcase classname="com.ui.basetest.BaseTest" name="@BeforeSuite setUpReport" time="0.0">
    <ignored/>
  </testcase> <!-- @BeforeSuite setUpReport -->
  <testcase classname="com.ui.basetest.BaseTest" name="@AfterSuite closeReport" time="0.0">
    <ignored/>
  </testcase> <!-- @AfterSuite closeReport -->
</testsuite> <!-- OraneHRM -->
